\BOOKMARK [1][-]{section.1}{\376\377\000I\000n\000t\000r\000o\000d\000u\000c\000t\000i\000o\000n}{}% 1
\BOOKMARK [1][-]{section.2}{\376\377\000A\000\040\000C\000o\000m\000p\000u\000t\000a\000t\000i\000o\000n\000a\000l\000\040\000F\000r\000a\000m\000e\000w\000o\000r\000k\000\040\000f\000o\000r\000\040\000M\000a\000t\000h\000e\000m\000a\000t\000i\000c\000a\000l\000\040\000E\000v\000o\000l\000u\000t\000i\000o\000n}{}% 2
\BOOKMARK [2][-]{subsection.2.1}{\376\377\000T\000h\000e\000\040\000S\000t\000a\000t\000e\000\040\000S\000p\000a\000c\000e}{section.2}% 3
\BOOKMARK [2][-]{subsection.2.2}{\376\377\000M\000e\000a\000s\000u\000r\000i\000n\000g\000\040\000E\000f\000f\000o\000r\000t}{section.2}% 4
\BOOKMARK [2][-]{subsection.2.3}{\376\377\000S\000e\000a\000l\000i\000n\000g\000:\000\040\000C\000o\000h\000e\000r\000e\000n\000t\000\040\000I\000n\000t\000e\000g\000r\000a\000t\000i\000o\000n}{section.2}% 5
\BOOKMARK [2][-]{subsection.2.4}{\376\377\000M\000e\000a\000s\000u\000r\000i\000n\000g\000\040\000N\000o\000v\000e\000l\000t\000y}{section.2}% 6
\BOOKMARK [2][-]{subsection.2.5}{\376\377\000E\000f\000f\000i\000c\000i\000e\000n\000c\000y\000\040\000a\000n\000d\000\040\000S\000e\000l\000e\000c\000t\000i\000o\000n}{section.2}% 7
\BOOKMARK [2][-]{subsection.2.6}{\376\377\000A\000x\000i\000o\000m\000s\000\040\000o\000f\000\040\000E\000v\000o\000l\000u\000t\000i\000o\000n}{section.2}% 8
\BOOKMARK [1][-]{section.3}{\376\377\000M\000a\000i\000n\000\040\000T\000h\000e\000o\000r\000e\000t\000i\000c\000a\000l\000\040\000R\000e\000s\000u\000l\000t\000s}{}% 9
\BOOKMARK [2][-]{subsection.3.1}{\376\377\000T\000h\000e\000\040\000S\000e\000l\000e\000c\000t\000i\000o\000n\000\040\000T\000h\000r\000e\000s\000h\000o\000l\000d\000\040\000D\000y\000n\000a\000m\000i\000c\000s}{section.3}% 10
\BOOKMARK [2][-]{subsection.3.2}{\376\377\000U\000n\000b\000o\000u\000n\000d\000e\000d\000\040\000C\000o\000n\000c\000e\000p\000t\000u\000a\000l\000\040\000E\000f\000f\000i\000c\000i\000e\000n\000c\000y}{section.3}% 11
\BOOKMARK [2][-]{subsection.3.3}{\376\377\000T\000h\000e\000\040\000R\000o\000l\000e\000\040\000o\000f\000\040\000C\000o\000n\000d\000i\000t\000i\000o\000n\000s}{section.3}% 12
\BOOKMARK [2][-]{subsection.3.4}{\376\377\000T\000h\000e\000\040\000E\000f\000f\000i\000c\000i\000e\000n\000c\000y\000\040\000D\000i\000c\000h\000o\000t\000o\000m\000y}{section.3}% 13
\BOOKMARK [1][-]{section.4}{\376\377\000T\000h\000e\000\040\000O\000p\000t\000i\000m\000a\000l\000i\000t\000y\000\040\000o\000f\000\040\000T\000w\000o\000-\000L\000a\000y\000e\000r\000\040\000I\000n\000t\000e\000g\000r\000a\000t\000i\000o\000n}{}% 14
\BOOKMARK [2][-]{subsection.4.1}{\376\377\000G\000e\000n\000e\000r\000a\000l\000i\000z\000i\000n\000g\000\040\000t\000h\000e\000\040\000I\000n\000t\000e\000g\000r\000a\000t\000i\000o\000n\000\040\000S\000t\000r\000a\000t\000e\000g\000y}{section.4}% 15
\BOOKMARK [2][-]{subsection.4.2}{\376\377\000T\000h\000e\000\040\000I\000n\000s\000u\000f\000f\000i\000c\000i\000e\000n\000c\000y\000\040\000o\000f\000\040\000k\000=\0001}{section.4}% 16
\BOOKMARK [3][-]{subsubsection.4.2.1}{\376\377\000D\000y\000n\000a\000m\000i\000c\000a\000l\000\040\000F\000a\000i\000l\000u\000r\000e\000:\000\040\000S\000t\000a\000g\000n\000a\000t\000i\000o\000n}{subsection.4.2}% 17
\BOOKMARK [3][-]{subsubsection.4.2.2}{\376\377\000M\000a\000t\000h\000e\000m\000a\000t\000i\000c\000a\000l\000\040\000F\000a\000i\000l\000u\000r\000e\000:\000\040\000I\000n\000c\000o\000h\000e\000r\000e\000n\000c\000e}{subsection.4.2}% 18
\BOOKMARK [2][-]{subsection.4.3}{\376\377\000T\000h\000e\000\040\000R\000e\000d\000u\000n\000d\000a\000n\000c\000y\000\040\000o\000f\000\040\000k\000\040\000>\000\040\0002}{section.4}% 19
\BOOKMARK [3][-]{subsubsection.4.3.1}{\376\377\000C\000T\000T\000'\000s\000\040\000C\000o\000h\000e\000r\000e\000n\000c\000e\000\040\000S\000t\000r\000u\000c\000t\000u\000r\000e}{subsection.4.3}% 20
\BOOKMARK [3][-]{subsubsection.4.3.2}{\376\377\000E\000f\000f\000i\000c\000i\000e\000n\000c\000y\000\040\000A\000n\000a\000l\000y\000s\000i\000s}{subsection.4.3}% 21
\BOOKMARK [2][-]{subsection.4.4}{\376\377\000T\000h\000e\000\040\000F\000i\000b\000o\000n\000a\000c\000c\000i\000\040\000R\000e\000c\000u\000r\000r\000e\000n\000c\000e}{section.4}% 22
\BOOKMARK [2][-]{subsection.4.5}{\376\377\000E\000m\000p\000i\000r\000i\000c\000a\000l\000\040\000V\000a\000l\000i\000d\000a\000t\000i\000o\000n}{section.4}% 23
\BOOKMARK [2][-]{subsection.4.6}{\376\377\000C\000o\000n\000c\000l\000u\000s\000i\000o\000n}{section.4}% 24
\BOOKMARK [1][-]{section.5}{\376\377\000T\000h\000e\000\040\000G\000e\000n\000e\000s\000i\000s\000\040\000S\000e\000q\000u\000e\000n\000c\000e}{}% 25
\BOOKMARK [2][-]{subsection.5.1}{\376\377\000T\000h\000e\000\040\000C\000o\000m\000p\000l\000e\000t\000e\000\040\000S\000e\000q\000u\000e\000n\000c\000e}{section.5}% 26
\BOOKMARK [2][-]{subsection.5.2}{\376\377\000S\000t\000r\000u\000c\000t\000u\000r\000a\000l\000\040\000P\000a\000t\000t\000e\000r\000n\000s}{section.5}% 27
\BOOKMARK [3][-]{subsubsection.5.2.1}{\376\377\000M\000e\000t\000a\000-\000L\000a\000n\000g\000u\000a\000g\000e\000\040\000F\000i\000r\000s\000t}{subsection.5.2}% 28
\BOOKMARK [3][-]{subsubsection.5.2.2}{\376\377\000T\000h\000e\000\040\000A\000b\000s\000o\000r\000p\000t\000i\000o\000n\000\040\000P\000r\000i\000n\000c\000i\000p\000l\000e}{subsection.5.2}% 29
\BOOKMARK [3][-]{subsubsection.5.2.3}{\376\377\000G\000e\000o\000m\000e\000t\000r\000i\000c\000\040\000D\000o\000m\000i\000n\000a\000n\000c\000e}{subsection.5.2}% 30
\BOOKMARK [3][-]{subsubsection.5.2.4}{\376\377\000P\000r\000o\000g\000r\000e\000s\000s\000i\000v\000e\000\040\000A\000b\000s\000t\000r\000a\000c\000t\000i\000o\000n}{subsection.5.2}% 31
\BOOKMARK [3][-]{subsubsection.5.2.5}{\376\377\000F\000i\000b\000o\000n\000a\000c\000c\000i\000\040\000P\000r\000e\000c\000i\000s\000i\000o\000n}{subsection.5.2}% 32
\BOOKMARK [2][-]{subsection.5.3}{\376\377\000C\000o\000m\000p\000a\000r\000i\000s\000o\000n\000\040\000t\000o\000\040\000H\000i\000s\000t\000o\000r\000i\000c\000a\000l\000\040\000M\000a\000t\000h\000e\000m\000a\000t\000i\000c\000s}{section.5}% 33
\BOOKMARK [2][-]{subsection.5.4}{\376\377\000N\000o\000v\000e\000l\000\040\000P\000r\000e\000d\000i\000c\000t\000i\000o\000n\000s}{section.5}% 34
\BOOKMARK [2][-]{subsection.5.5}{\376\377\000V\000a\000l\000i\000d\000a\000t\000i\000o\000n\000\040\000a\000n\000d\000\040\000R\000e\000p\000r\000o\000d\000u\000c\000i\000b\000i\000l\000i\000t\000y}{section.5}% 35
\BOOKMARK [1][-]{section.6}{\376\377\000C\000o\000m\000p\000u\000t\000a\000t\000i\000o\000n\000a\000l\000\040\000V\000a\000l\000i\000d\000a\000t\000i\000o\000n}{}% 36
\BOOKMARK [2][-]{subsection.6.1}{\376\377\000I\000m\000p\000l\000e\000m\000e\000n\000t\000a\000t\000i\000o\000n\000\040\000A\000r\000c\000h\000i\000t\000e\000c\000t\000u\000r\000e}{section.6}% 37
\BOOKMARK [2][-]{subsection.6.2}{\376\377\000A\000u\000t\000o\000m\000a\000t\000i\000c\000\040\000D\000i\000s\000c\000o\000v\000e\000r\000y\000\040\000o\000f\000\040\000C\000a\000n\000d\000i\000d\000a\000t\000e\000s}{section.6}% 38
\BOOKMARK [2][-]{subsection.6.3}{\376\377\000E\000m\000p\000i\000r\000i\000c\000a\000l\000\040\000V\000a\000l\000i\000d\000a\000t\000i\000o\000n\000\040\000o\000f\000\040\000k\000=\0002\000\040\000O\000p\000t\000i\000m\000a\000l\000i\000t\000y}{section.6}% 39
\BOOKMARK [2][-]{subsection.6.4}{\376\377\000G\000e\000n\000e\000s\000i\000s\000\040\000S\000e\000q\000u\000e\000n\000c\000e\000\040\000G\000e\000n\000e\000r\000a\000t\000i\000o\000n}{section.6}% 40
\BOOKMARK [2][-]{subsection.6.5}{\376\377\000R\000e\000p\000r\000o\000d\000u\000c\000i\000b\000i\000l\000i\000t\000y\000\040\000a\000n\000d\000\040\000A\000u\000d\000i\000t\000i\000n\000g}{section.6}% 41
\BOOKMARK [1][-]{section.7}{\376\377\000T\000h\000e\000\040\000D\000y\000n\000a\000m\000i\000c\000a\000l\000\040\000C\000o\000h\000e\000s\000i\000v\000e\000\040\000T\000o\000p\000o\000s}{}% 42
\BOOKMARK [2][-]{subsection.7.1}{\376\377\000D\000e\000f\000i\000n\000i\000t\000i\000o\000n\000\040\000a\000n\000d\000\040\000A\000x\000i\000o\000m\000s}{section.7}% 43
\BOOKMARK [2][-]{subsection.7.2}{\376\377\000M\000o\000r\000p\000h\000i\000s\000m\000s\000\040\000a\000n\000d\000\040\000t\000h\000e\000\040\000C\000a\000t\000e\000g\000o\000r\000y\000\040\000D\000C\000T}{section.7}% 44
\BOOKMARK [2][-]{subsection.7.3}{\376\377\000E\000x\000a\000m\000p\000l\000e\000s}{section.7}% 45
\BOOKMARK [2][-]{subsection.7.4}{\376\377\000S\000t\000r\000u\000c\000t\000u\000r\000a\000l\000\040\000P\000r\000o\000p\000e\000r\000t\000i\000e\000s}{section.7}% 46
\BOOKMARK [2][-]{subsection.7.5}{\376\377\000W\000h\000y\000\040\000T\000h\000i\000s\000\040\000S\000t\000r\000u\000c\000t\000u\000r\000e\000\040\000E\000m\000e\000r\000g\000e\000s}{section.7}% 47
\BOOKMARK [2][-]{subsection.7.6}{\376\377\000O\000p\000e\000n\000\040\000D\000i\000r\000e\000c\000t\000i\000o\000n\000s}{section.7}% 48
\BOOKMARK [1][-]{section.8}{\376\377\000D\000i\000s\000c\000u\000s\000s\000i\000o\000n\000\040\000a\000n\000d\000\040\000F\000u\000t\000u\000r\000e\000\040\000D\000i\000r\000e\000c\000t\000i\000o\000n\000s}{}% 49
\BOOKMARK [2][-]{subsection.8.1}{\376\377\000S\000c\000o\000p\000e\000\040\000a\000n\000d\000\040\000L\000i\000m\000i\000t\000a\000t\000i\000o\000n\000s}{section.8}% 50
\BOOKMARK [2][-]{subsection.8.2}{\376\377\000T\000h\000e\000\040\000B\000r\000o\000a\000d\000e\000r\000\040\000C\000o\000n\000j\000e\000c\000t\000u\000r\000e}{section.8}% 51
\BOOKMARK [2][-]{subsection.8.3}{\376\377\000R\000o\000a\000d\000m\000a\000p\000\040\000f\000o\000r\000\040\000P\000r\000o\000v\000i\000n\000g\000\040\000t\000h\000e\000\040\000C\000o\000n\000j\000e\000c\000t\000u\000r\000e}{section.8}% 52
\BOOKMARK [3][-]{subsubsection.8.3.1}{\376\377\000P\000h\000a\000s\000e\000\040\0001\000:\000\040\000I\000n\000f\000o\000r\000m\000a\000t\000i\000o\000n\000-\000T\000h\000e\000o\000r\000e\000t\000i\000c\000\040\000R\000e\000f\000o\000r\000m\000u\000l\000a\000t\000i\000o\000n}{subsection.8.3}% 53
\BOOKMARK [3][-]{subsubsection.8.3.2}{\376\377\000P\000h\000a\000s\000e\000\040\0002\000:\000\040\000U\000n\000i\000v\000e\000r\000s\000a\000l\000i\000t\000y\000\040\000o\000f\000\040\000T\000w\000o\000-\000D\000i\000m\000e\000n\000s\000i\000o\000n\000a\000l\000\040\000C\000o\000h\000e\000r\000e\000n\000c\000e}{subsection.8.3}% 54
\BOOKMARK [3][-]{subsubsection.8.3.3}{\376\377\000P\000h\000a\000s\000e\000\040\0003\000:\000\040\000T\000h\000e\000\040\000G\000e\000o\000m\000e\000t\000r\000i\000c\000\040\000B\000i\000a\000s}{subsection.8.3}% 55
\BOOKMARK [2][-]{subsection.8.4}{\376\377\000W\000h\000a\000t\000\040\000W\000o\000u\000l\000d\000\040\000D\000i\000s\000p\000r\000o\000v\000e\000\040\000t\000h\000e\000\040\000C\000o\000n\000j\000e\000c\000t\000u\000r\000e}{section.8}% 56
\BOOKMARK [2][-]{subsection.8.5}{\376\377\000I\000m\000m\000e\000d\000i\000a\000t\000e\000\040\000N\000e\000x\000t\000\040\000S\000t\000e\000p\000s}{section.8}% 57
\BOOKMARK [2][-]{subsection.8.6}{\376\377\000P\000h\000i\000l\000o\000s\000o\000p\000h\000i\000c\000a\000l\000\040\000I\000m\000p\000l\000i\000c\000a\000t\000i\000o\000n\000s}{section.8}% 58
\BOOKMARK [1][-]{section.9}{\376\377\000C\000o\000n\000c\000l\000u\000s\000i\000o\000n}{}% 59
