\BOOKMARK [1][-]{section.1}{\376\377\000I\000n\000t\000r\000o\000d\000u\000c\000t\000i\000o\000n}{}% 1
\BOOKMARK [2][-]{subsection.1.1}{\376\377\000M\000a\000i\000n\000\040\000C\000o\000n\000t\000r\000i\000b\000u\000t\000i\000o\000n\000s}{section.1}% 2
\BOOKMARK [2][-]{subsection.1.2}{\376\377\000W\000h\000y\000\040\000T\000h\000i\000s\000\040\000M\000a\000t\000t\000e\000r\000s}{section.1}% 3
\BOOKMARK [2][-]{subsection.1.3}{\376\377\000O\000r\000g\000a\000n\000i\000z\000a\000t\000i\000o\000n\000\040\000a\000n\000d\000\040\000S\000c\000o\000p\000e}{section.1}% 4
\BOOKMARK [2][-]{subsection.1.4}{\376\377\000R\000e\000l\000a\000t\000e\000d\000\040\000W\000o\000r\000k}{section.1}% 5
\BOOKMARK [2][-]{subsection.1.5}{\376\377\000A\000\040\000N\000o\000t\000e\000\040\000o\000n\000\040\000D\000i\000s\000c\000o\000v\000e\000r\000y}{section.1}% 6
\BOOKMARK [1][-]{section.2}{\376\377\000T\000h\000e\000\040\000P\000E\000N\000\040\000F\000r\000a\000m\000e\000w\000o\000r\000k\000:\000\040\000F\000o\000r\000m\000a\000l\000\040\000F\000o\000u\000n\000d\000a\000t\000i\000o\000n\000s}{}% 7
\BOOKMARK [2][-]{subsection.2.1}{\376\377\000T\000h\000e\000\040\000S\000t\000a\000t\000e\000\040\000S\000p\000a\000c\000e}{section.2}% 8
\BOOKMARK [2][-]{subsection.2.2}{\376\377\000M\000e\000a\000s\000u\000r\000i\000n\000g\000\040\000E\000f\000f\000o\000r\000t\000:\000\040\000T\000h\000e\000\040\000C\000o\000s\000t\000\040\000o\000f\000\040\000C\000o\000n\000s\000t\000r\000u\000c\000t\000i\000o\000n}{section.2}% 9
\BOOKMARK [2][-]{subsection.2.3}{\376\377\000S\000e\000a\000l\000i\000n\000g\000:\000\040\000C\000o\000h\000e\000r\000e\000n\000t\000\040\000I\000n\000t\000e\000g\000r\000a\000t\000i\000o\000n}{section.2}% 10
\BOOKMARK [2][-]{subsection.2.4}{\376\377\000M\000e\000a\000s\000u\000r\000i\000n\000g\000\040\000N\000o\000v\000e\000l\000t\000y\000:\000\040\000T\000h\000e\000\040\000V\000a\000l\000u\000e\000\040\000o\000f\000\040\000E\000n\000a\000b\000l\000e\000m\000e\000n\000t}{section.2}% 11
\BOOKMARK [2][-]{subsection.2.5}{\376\377\000E\000f\000f\000i\000c\000i\000e\000n\000c\000y\000\040\000a\000n\000d\000\040\000S\000e\000l\000e\000c\000t\000i\000o\000n}{section.2}% 12
\BOOKMARK [2][-]{subsection.2.6}{\376\377\000T\000h\000e\000\040\000P\000r\000i\000n\000c\000i\000p\000l\000e\000\040\000o\000f\000\040\000E\000f\000f\000i\000c\000i\000e\000n\000t\000\040\000N\000o\000v\000e\000l\000t\000y}{section.2}% 13
\BOOKMARK [2][-]{subsection.2.7}{\376\377\000S\000u\000m\000m\000a\000r\000y\000\040\000o\000f\000\040\000F\000r\000a\000m\000e\000w\000o\000r\000k}{section.2}% 14
\BOOKMARK [1][-]{section.3}{\376\377\000U\000n\000b\000o\000u\000n\000d\000e\000d\000\040\000G\000r\000o\000w\000t\000h\000:\000\040\000T\000h\000e\000\040\000C\000o\000m\000p\000u\000l\000s\000i\000o\000n\000\040\000T\000o\000w\000a\000r\000d\000\040\000A\000b\000s\000t\000r\000a\000c\000t\000i\000o\000n}{}% 15
\BOOKMARK [2][-]{subsection.3.1}{\376\377\000T\000h\000e\000\040\000S\000e\000l\000e\000c\000t\000i\000o\000n\000\040\000T\000h\000r\000e\000s\000h\000o\000l\000d\000\040\000D\000y\000n\000a\000m\000i\000c\000s}{section.3}% 16
\BOOKMARK [2][-]{subsection.3.2}{\376\377\000T\000h\000e\000\040\000U\000n\000b\000o\000u\000n\000d\000e\000d\000\040\000G\000r\000o\000w\000t\000h\000\040\000T\000h\000e\000o\000r\000e\000m}{section.3}% 17
\BOOKMARK [2][-]{subsection.3.3}{\376\377\000U\000n\000d\000e\000r\000s\000t\000a\000n\000d\000i\000n\000g\000\040\000t\000h\000e\000\040\000C\000o\000n\000d\000i\000t\000i\000o\000n\000s}{section.3}% 18
\BOOKMARK [2][-]{subsection.3.4}{\376\377\000T\000h\000e\000\040\000E\000f\000f\000i\000c\000i\000e\000n\000c\000y\000\040\000D\000i\000c\000h\000o\000t\000o\000m\000y}{section.3}% 19
\BOOKMARK [2][-]{subsection.3.5}{\376\377\000I\000m\000p\000l\000i\000c\000a\000t\000i\000o\000n\000s}{section.3}% 20
\BOOKMARK [1][-]{section.4}{\376\377\000O\000p\000t\000i\000m\000a\000l\000\040\000I\000n\000t\000e\000g\000r\000a\000t\000i\000o\000n\000\040\000i\000n\000\040\000C\000u\000b\000i\000c\000a\000l\000\040\000T\000y\000p\000e\000\040\000T\000h\000e\000o\000r\000y}{}% 21
\BOOKMARK [2][-]{subsection.4.1}{\376\377\000G\000e\000n\000e\000r\000a\000l\000i\000z\000i\000n\000g\000\040\000t\000h\000e\000\040\000I\000n\000t\000e\000g\000r\000a\000t\000i\000o\000n\000\040\000S\000t\000r\000a\000t\000e\000g\000y}{section.4}% 22
\BOOKMARK [2][-]{subsection.4.2}{\376\377\000M\000a\000t\000h\000e\000m\000a\000t\000i\000c\000a\000l\000\040\000I\000n\000s\000u\000f\000f\000i\000c\000i\000e\000n\000c\000y\000\040\000o\000f\000\040\000k\000\040\000=\000\040\0001}{section.4}% 23
\BOOKMARK [2][-]{subsection.4.3}{\376\377\000T\000h\000e\000\040\000T\000w\000o\000-\000D\000i\000m\000e\000n\000s\000i\000o\000n\000a\000l\000\040\000F\000o\000u\000n\000d\000a\000t\000i\000o\000n\000s\000\040\000o\000f\000\040\000C\000T\000T}{section.4}% 24
\BOOKMARK [2][-]{subsection.4.4}{\376\377\000O\000p\000t\000i\000m\000a\000l\000i\000t\000y\000\040\000o\000f\000\040\000T\000w\000o\000-\000L\000a\000y\000e\000r\000\040\000I\000n\000t\000e\000g\000r\000a\000t\000i\000o\000n}{section.4}% 25
\BOOKMARK [2][-]{subsection.4.5}{\376\377\000S\000u\000s\000t\000a\000i\000n\000e\000d\000\040\000D\000i\000l\000a\000t\000i\000o\000n\000\040\000i\000n\000\040\000T\000w\000o\000-\000L\000a\000y\000e\000r\000\040\000S\000y\000s\000t\000e\000m\000s}{section.4}% 26
\BOOKMARK [2][-]{subsection.4.6}{\376\377\000T\000h\000e\000\040\000F\000i\000b\000o\000n\000a\000c\000c\000i\000\040\000S\000c\000h\000e\000d\000u\000l\000e\000:\000\040\000E\000m\000p\000i\000r\000i\000c\000a\000l\000\040\000O\000b\000s\000e\000r\000v\000a\000t\000i\000o\000n}{section.4}% 27
\BOOKMARK [2][-]{subsection.4.7}{\376\377\000F\000r\000o\000m\000\040\000O\000b\000s\000e\000r\000v\000a\000t\000i\000o\000n\000\040\000t\000o\000\040\000T\000h\000e\000o\000r\000e\000m}{section.4}% 28
\BOOKMARK [2][-]{subsection.4.8}{\376\377\000E\000m\000p\000i\000r\000i\000c\000a\000l\000\040\000V\000a\000l\000i\000d\000a\000t\000i\000o\000n}{section.4}% 29
\BOOKMARK [2][-]{subsection.4.9}{\376\377\000T\000h\000e\000\040\000U\000b\000i\000q\000u\000i\000t\000y\000\040\000o\000f\000\040\000T\000w\000o}{section.4}% 30
\BOOKMARK [2][-]{subsection.4.10}{\376\377\000S\000u\000m\000m\000a\000r\000y}{section.4}% 31
\BOOKMARK [1][-]{section.5}{\376\377\000T\000h\000e\000\040\000N\000o\000-\000G\000o\000\040\000T\000h\000e\000o\000r\000e\000m\000\040\000f\000o\000r\000\040\000O\000n\000e\000-\000D\000i\000m\000e\000n\000s\000i\000o\000n\000a\000l\000\040\000F\000o\000u\000n\000d\000a\000t\000i\000o\000n\000s}{}% 32
\BOOKMARK [2][-]{subsection.5.1}{\376\377\000C\000h\000a\000r\000a\000c\000t\000e\000r\000i\000z\000i\000n\000g\000\040\000O\000n\000e\000-\000D\000i\000m\000e\000n\000s\000i\000o\000n\000a\000l\000\040\000F\000o\000u\000n\000d\000a\000t\000i\000o\000n\000s}{section.5}% 33
\BOOKMARK [2][-]{subsection.5.2}{\376\377\000T\000h\000e\000\040\000S\000t\000a\000g\000n\000a\000t\000i\000o\000n\000\040\000T\000h\000e\000o\000r\000e\000m}{section.5}% 34
\BOOKMARK [2][-]{subsection.5.3}{\376\377\000C\000o\000r\000o\000l\000l\000a\000r\000y\000:\000\040\000M\000a\000r\000t\000i\000n\000-\000L\000\366\000f\000\040\000T\000y\000p\000e\000\040\000T\000h\000e\000o\000r\000y\000\040\000M\000u\000s\000t\000\040\000S\000t\000a\000g\000n\000a\000t\000e}{section.5}% 35
\BOOKMARK [2][-]{subsection.5.4}{\376\377\000I\000m\000p\000l\000i\000c\000a\000t\000i\000o\000n\000s\000\040\000a\000n\000d\000\040\000D\000i\000s\000c\000u\000s\000s\000i\000o\000n}{section.5}% 36
\BOOKMARK [2][-]{subsection.5.5}{\376\377\000S\000u\000m\000m\000a\000r\000y}{section.5}% 37
\BOOKMARK [1][-]{section.6}{\376\377\000C\000o\000m\000p\000u\000t\000a\000t\000i\000o\000n\000a\000l\000\040\000V\000a\000l\000i\000d\000a\000t\000i\000o\000n\000\040\000a\000n\000d\000\040\000I\000m\000p\000l\000e\000m\000e\000n\000t\000a\000t\000i\000o\000n}{}% 38
\BOOKMARK [2][-]{subsection.6.1}{\376\377\000I\000m\000p\000l\000e\000m\000e\000n\000t\000a\000t\000i\000o\000n\000\040\000A\000r\000c\000h\000i\000t\000e\000c\000t\000u\000r\000e}{section.6}% 39
\BOOKMARK [2][-]{subsection.6.2}{\376\377\000T\000h\000e\000\040\000G\000e\000n\000e\000s\000i\000s\000\040\000S\000e\000q\000u\000e\000n\000c\000e\000:\000\040\000O\000v\000e\000r\000v\000i\000e\000w}{section.6}% 40
\BOOKMARK [2][-]{subsection.6.3}{\376\377\000E\000m\000p\000i\000r\000i\000c\000a\000l\000\040\000V\000a\000l\000i\000d\000a\000t\000i\000o\000n\000\040\000o\000f\000\040\000T\000h\000e\000o\000r\000e\000t\000i\000c\000a\000l\000\040\000P\000r\000e\000d\000i\000c\000t\000i\000o\000n\000s}{section.6}% 41
\BOOKMARK [2][-]{subsection.6.4}{\376\377\000I\000n\000t\000e\000g\000r\000a\000t\000i\000o\000n\000\040\000G\000a\000p\000\040\000A\000n\000a\000l\000y\000s\000i\000s}{section.6}% 42
\BOOKMARK [2][-]{subsection.6.5}{\376\377\000R\000e\000p\000r\000o\000d\000u\000c\000i\000b\000i\000l\000i\000t\000y\000\040\000a\000n\000d\000\040\000A\000u\000d\000i\000t\000i\000n\000g}{section.6}% 43
\BOOKMARK [2][-]{subsection.6.6}{\376\377\000S\000u\000m\000m\000a\000r\000y}{section.6}% 44
\BOOKMARK [1][-]{section.7}{\376\377\000C\000r\000o\000s\000s\000-\000F\000o\000u\000n\000d\000a\000t\000i\000o\000n\000a\000l\000\040\000I\000n\000v\000a\000r\000i\000a\000n\000c\000e}{}% 45
\BOOKMARK [2][-]{subsection.7.1}{\376\377\000M\000o\000t\000i\000v\000a\000t\000i\000o\000n\000\040\000a\000n\000d\000\040\000M\000e\000t\000h\000o\000d\000o\000l\000o\000g\000y}{section.7}% 46
\BOOKMARK [2][-]{subsection.7.2}{\376\377\000T\000h\000e\000\040\000F\000o\000u\000r\000\040\000T\000w\000o\000-\000D\000i\000m\000e\000n\000s\000i\000o\000n\000a\000l\000\040\000F\000o\000u\000n\000d\000a\000t\000i\000o\000n\000s}{section.7}% 47
\BOOKMARK [2][-]{subsection.7.3}{\376\377\000M\000a\000i\000n\000\040\000F\000i\000n\000d\000i\000n\000g\000:\000\040\000I\000n\000v\000a\000r\000i\000a\000n\000c\000e\000\040\000o\000f\000\040\000t\000h\000e\000\040\000G\000e\000n\000e\000s\000i\000s\000\040\000S\000e\000q\000u\000e\000n\000c\000e}{section.7}% 48
\BOOKMARK [2][-]{subsection.7.4}{\376\377\000T\000h\000e\000\040\000M\000L\000T\000T\000\040\000D\000i\000v\000e\000r\000g\000e\000n\000c\000e}{section.7}% 49
\BOOKMARK [2][-]{subsection.7.5}{\376\377\000T\000e\000s\000t\000i\000n\000g\000\040\000B\000e\000y\000o\000n\000d\000\040\000T\000y\000p\000e\000\040\000T\000h\000e\000o\000r\000y\000:\000\040\000Z\000F\000C\000\040\000a\000s\000\040\000a\000\040\000O\000n\000e\000-\000D\000i\000m\000e\000n\000s\000i\000o\000n\000a\000l\000\040\000F\000o\000u\000n\000d\000a\000t\000i\000o\000n}{section.7}% 50
\BOOKMARK [3][-]{subsubsection.7.5.1}{\376\377\000Z\000F\000C\000\040\000H\000a\000s\000\040\000O\000n\000e\000-\000D\000i\000m\000e\000n\000s\000i\000o\000n\000a\000l\000\040\000C\000o\000h\000e\000r\000e\000n\000c\000e\000\040\000S\000t\000r\000u\000c\000t\000u\000r\000e}{subsection.7.5}% 51
\BOOKMARK [3][-]{subsubsection.7.5.2}{\376\377\000A\000d\000a\000p\000t\000i\000n\000g\000\040\000P\000E\000N\000\040\000t\000o\000\040\000Z\000F\000C}{subsection.7.5}% 52
\BOOKMARK [3][-]{subsubsection.7.5.3}{\376\377\000T\000h\000e\000\040\000Z\000F\000C\000\040\000G\000e\000n\000e\000s\000i\000s\000\040\000S\000e\000q\000u\000e\000n\000c\000e}{subsection.7.5}% 53
\BOOKMARK [3][-]{subsubsection.7.5.4}{\376\377\000S\000t\000a\000g\000n\000a\000t\000i\000o\000n\000\040\000D\000y\000n\000a\000m\000i\000c\000s\000\040\000O\000b\000s\000e\000r\000v\000e\000d}{subsection.7.5}% 54
\BOOKMARK [3][-]{subsubsection.7.5.5}{\376\377\000I\000m\000p\000l\000i\000c\000a\000t\000i\000o\000n\000s\000:\000\040\000T\000h\000e\000\040\000E\000x\000t\000e\000n\000s\000i\000o\000n\000a\000l\000/\000I\000n\000t\000e\000n\000s\000i\000o\000n\000a\000l\000\040\000D\000i\000v\000i\000d\000e}{subsection.7.5}% 55
\BOOKMARK [3][-]{subsubsection.7.5.6}{\376\377\000O\000p\000e\000n\000\040\000Q\000u\000e\000s\000t\000i\000o\000n\000s}{subsection.7.5}% 56
\BOOKMARK [2][-]{subsection.7.6}{\376\377\000I\000n\000t\000e\000r\000p\000r\000e\000t\000a\000t\000i\000o\000n\000\040\000a\000n\000d\000\040\000I\000m\000p\000l\000i\000c\000a\000t\000i\000o\000n\000s}{section.7}% 57
\BOOKMARK [2][-]{subsection.7.7}{\376\377\000C\000r\000o\000s\000s\000-\000F\000o\000u\000n\000d\000a\000t\000i\000o\000n\000a\000l\000\040\000V\000a\000l\000i\000d\000a\000t\000i\000o\000n\000\040\000o\000f\000\040\000t\000h\000e\000\040\000C\000o\000m\000p\000l\000e\000x\000i\000t\000y\000\040\000S\000c\000a\000l\000i\000n\000g\000\040\000T\000h\000e\000o\000r\000e\000m}{section.7}% 58
\BOOKMARK [2][-]{subsection.7.8}{\376\377\000S\000u\000m\000m\000a\000r\000y}{section.7}% 59
\BOOKMARK [1][-]{section.8}{\376\377\000T\000h\000e\000\040\000F\000i\000b\000o\000n\000a\000c\000c\000i\000\040\000S\000c\000h\000e\000d\000u\000l\000e\000:\000\040\000P\000r\000o\000o\000f\000\040\000a\000n\000d\000\040\000V\000a\000l\000i\000d\000a\000t\000i\000o\000n}{}% 60
\BOOKMARK [2][-]{subsection.8.1}{\376\377\000T\000h\000e\000\040\000F\000i\000b\000o\000n\000a\000c\000c\000i\000\040\000P\000h\000e\000n\000o\000m\000e\000n\000o\000n}{section.8}% 61
\BOOKMARK [2][-]{subsection.8.2}{\376\377\000T\000h\000e\000\040\000C\000o\000m\000p\000l\000e\000x\000i\000t\000y\000\040\000S\000c\000a\000l\000i\000n\000g\000\040\000T\000h\000e\000o\000r\000e\000m}{section.8}% 62
\BOOKMARK [2][-]{subsection.8.3}{\376\377\000P\000r\000o\000o\000f\000\040\000o\000f\000\040\000t\000h\000e\000\040\000C\000o\000m\000p\000l\000e\000x\000i\000t\000y\000\040\000S\000c\000a\000l\000i\000n\000g\000\040\000T\000h\000e\000o\000r\000e\000m}{section.8}% 63
\BOOKMARK [3][-]{subsubsection.8.3.1}{\376\377\000S\000t\000a\000g\000e\000\040\0001\000:\000\040\000A\000l\000g\000e\000b\000r\000a\000i\000c\000\040\000F\000r\000a\000m\000e\000w\000o\000r\000k}{subsection.8.3}% 64
\BOOKMARK [3][-]{subsubsection.8.3.2}{\376\377\000S\000t\000a\000g\000e\000\040\0002\000:\000\040\000D\000i\000m\000e\000n\000s\000i\000o\000n\000a\000l\000\040\000S\000a\000t\000u\000r\000a\000t\000i\000o\000n}{subsection.8.3}% 65
\BOOKMARK [3][-]{subsubsection.8.3.3}{\376\377\000S\000t\000a\000g\000e\000\040\0003\000:\000\040\000T\000r\000a\000n\000s\000p\000o\000r\000t\000\040\000S\000t\000a\000b\000i\000l\000i\000t\000y\000\040\000a\000n\000d\000\040\000U\000n\000i\000f\000o\000r\000m\000i\000t\000y}{subsection.8.3}% 66
\BOOKMARK [3][-]{subsubsection.8.3.4}{\376\377\000S\000t\000a\000g\000e\000\040\0004\000:\000\040\000I\000n\000t\000e\000r\000f\000a\000c\000e\000\040\000S\000a\000t\000u\000r\000a\000t\000i\000o\000n\000\040\000a\000n\000d\000\040\000t\000h\000e\000\040\000R\000e\000c\000u\000r\000r\000e\000n\000c\000e}{subsection.8.3}% 67
\BOOKMARK [3][-]{subsubsection.8.3.5}{\376\377\000S\000t\000a\000g\000e\000\040\0005\000:\000\040\000D\000e\000r\000i\000v\000i\000n\000g\000\040\000t\000h\000e\000\040\000R\000e\000c\000u\000r\000r\000e\000n\000c\000e}{subsection.8.3}% 68
\BOOKMARK [2][-]{subsection.8.4}{\376\377\000W\000h\000a\000t\000\040\000t\000h\000e\000\040\000T\000h\000e\000o\000r\000e\000m\000\040\000E\000s\000t\000a\000b\000l\000i\000s\000h\000e\000s}{section.8}% 69
\BOOKMARK [3][-]{subsubsection.8.4.1}{\376\377\000F\000i\000b\000o\000n\000a\000c\000c\000i\000\040\000T\000i\000m\000i\000n\000g\000\040\000i\000s\000\040\000M\000a\000t\000h\000e\000m\000a\000t\000i\000c\000a\000l\000l\000y\000\040\000N\000e\000c\000e\000s\000s\000a\000r\000y}{subsection.8.4}% 70
\BOOKMARK [3][-]{subsubsection.8.4.2}{\376\377\000A\000\040\000C\000o\000h\000e\000r\000e\000n\000c\000e\000\040\000T\000h\000e\000o\000r\000e\000m\000\040\000f\000o\000r\000\040\000D\000e\000p\000e\000n\000d\000e\000n\000t\000\040\000T\000y\000p\000e\000\040\000T\000h\000e\000o\000r\000y}{subsection.8.4}% 71
\BOOKMARK [3][-]{subsubsection.8.4.3}{\376\377\000P\000r\000e\000d\000i\000c\000t\000i\000v\000e\000\040\000P\000o\000w\000e\000r}{subsection.8.4}% 72
\BOOKMARK [3][-]{subsubsection.8.4.4}{\376\377\000C\000o\000n\000n\000e\000c\000t\000i\000o\000n\000\040\000t\000o\000\040\000K\000o\000l\000m\000o\000g\000o\000r\000o\000v\000\040\000C\000o\000m\000p\000l\000e\000x\000i\000t\000y}{subsection.8.4}% 73
\BOOKMARK [2][-]{subsection.8.5}{\376\377\000E\000x\000p\000e\000r\000i\000m\000e\000n\000t\000a\000l\000\040\000V\000a\000l\000i\000d\000a\000t\000i\000o\000n}{section.8}% 74
\BOOKMARK [3][-]{subsubsection.8.5.1}{\376\377\000F\000o\000u\000r\000\040\000I\000n\000d\000e\000p\000e\000n\000d\000e\000n\000t\000\040\000C\000o\000n\000f\000i\000r\000m\000a\000t\000i\000o\000n\000s}{subsection.8.5}% 75
\BOOKMARK [3][-]{subsubsection.8.5.2}{\376\377\000W\000i\000t\000n\000e\000s\000s\000\040\000F\000a\000c\000t\000o\000r\000i\000z\000a\000t\000i\000o\000n\000\040\000A\000n\000a\000l\000y\000s\000i\000s}{subsection.8.5}% 76
\BOOKMARK [3][-]{subsubsection.8.5.3}{\376\377\000B\000o\000o\000t\000s\000t\000r\000a\000p\000\040\000C\000o\000n\000v\000e\000r\000g\000e\000n\000c\000e}{subsection.8.5}% 77
\BOOKMARK [3][-]{subsubsection.8.5.4}{\376\377\000R\000o\000b\000u\000s\000t\000n\000e\000s\000s\000\040\000t\000o\000\040\000P\000e\000r\000t\000u\000r\000b\000a\000t\000i\000o\000n\000s}{subsection.8.5}% 78
\BOOKMARK [2][-]{subsection.8.6}{\376\377\000O\000p\000e\000n\000\040\000Q\000u\000e\000s\000t\000i\000o\000n\000s\000\040\000a\000n\000d\000\040\000F\000u\000t\000u\000r\000e\000\040\000D\000i\000r\000e\000c\000t\000i\000o\000n\000s}{section.8}% 79
\BOOKMARK [3][-]{subsubsection.8.6.1}{\376\377\000M\000e\000c\000h\000a\000n\000i\000z\000a\000t\000i\000o\000n\000\040\000o\000f\000\040\000t\000h\000e\000\040\000P\000r\000o\000o\000f}{subsection.8.6}% 80
\BOOKMARK [3][-]{subsubsection.8.6.2}{\376\377\000S\000c\000o\000p\000e\000\040\000a\000n\000d\000\040\000G\000e\000n\000e\000r\000a\000l\000i\000z\000a\000t\000i\000o\000n}{subsection.8.6}% 81
\BOOKMARK [3][-]{subsubsection.8.6.3}{\376\377\000T\000i\000g\000h\000t\000e\000n\000i\000n\000g\000\040\000t\000h\000e\000\040\000B\000o\000u\000n\000d\000s}{subsection.8.6}% 82
\BOOKMARK [3][-]{subsubsection.8.6.4}{\376\377\000T\000h\000e\000\040\000B\000o\000o\000t\000s\000t\000r\000a\000p\000\040\000P\000h\000a\000s\000e}{subsection.8.6}% 83
\BOOKMARK [2][-]{subsection.8.7}{\376\377\000I\000m\000p\000l\000i\000c\000a\000t\000i\000o\000n\000s}{section.8}% 84
\BOOKMARK [3][-]{subsubsection.8.7.1}{\376\377\000M\000a\000t\000h\000e\000m\000a\000t\000i\000c\000a\000l\000\040\000D\000i\000s\000c\000o\000v\000e\000r\000y\000\040\000H\000a\000s\000\040\000C\000o\000m\000p\000u\000t\000a\000b\000l\000e\000\040\000S\000t\000r\000u\000c\000t\000u\000r\000e}{subsection.8.7}% 85
\BOOKMARK [3][-]{subsubsection.8.7.2}{\376\377\000D\000i\000m\000e\000n\000s\000i\000o\000n\000a\000l\000\040\000S\000a\000t\000u\000r\000a\000t\000i\000o\000n\000\040\000i\000s\000\040\000F\000u\000n\000d\000a\000m\000e\000n\000t\000a\000l}{subsection.8.7}% 86
\BOOKMARK [3][-]{subsubsection.8.7.3}{\376\377\000T\000h\000e\000\040\000G\000o\000l\000d\000e\000n\000\040\000R\000a\000t\000i\000o\000\040\000E\000m\000e\000r\000g\000e\000s\000\040\000N\000a\000t\000u\000r\000a\000l\000l\000y}{subsection.8.7}% 87
\BOOKMARK [3][-]{subsubsection.8.7.4}{\376\377\000V\000a\000l\000i\000d\000a\000t\000i\000o\000n\000\040\000o\000f\000\040\000t\000h\000e\000\040\000F\000o\000r\000m\000a\000l\000\040\000M\000o\000d\000e\000l}{subsection.8.7}% 88
\BOOKMARK [2][-]{subsection.8.8}{\376\377\000S\000u\000m\000m\000a\000r\000y}{section.8}% 89
\BOOKMARK [1][-]{section.9}{\376\377\000C\000o\000n\000c\000l\000u\000s\000i\000o\000n\000\040\000a\000n\000d\000\040\000F\000u\000t\000u\000r\000e\000\040\000D\000i\000r\000e\000c\000t\000i\000o\000n\000s}{}% 90
\BOOKMARK [2][-]{subsection.9.1}{\376\377\000M\000a\000i\000n\000\040\000R\000e\000s\000u\000l\000t\000s}{section.9}% 91
\BOOKMARK [2][-]{subsection.9.2}{\376\377\000W\000h\000a\000t\000\040\000W\000e\000\040\000H\000a\000v\000e\000\040\000L\000e\000a\000r\000n\000e\000d}{section.9}% 92
\BOOKMARK [3][-]{subsubsection.9.2.1}{\376\377\000C\000r\000o\000s\000s\000-\000F\000o\000u\000n\000d\000a\000t\000i\000o\000n\000a\000l\000\040\000I\000n\000v\000a\000r\000i\000a\000n\000c\000e}{subsection.9.2}% 93
\BOOKMARK [3][-]{subsubsection.9.2.2}{\376\377\000T\000h\000e\000\040\000E\000x\000t\000e\000n\000s\000i\000o\000n\000a\000l\000/\000I\000n\000t\000e\000n\000s\000i\000o\000n\000a\000l\000\040\000D\000i\000v\000i\000d\000e}{subsection.9.2}% 94
\BOOKMARK [3][-]{subsubsection.9.2.3}{\376\377\000T\000h\000e\000\040\000F\000i\000b\000o\000n\000a\000c\000c\000i\000\040\000S\000c\000h\000e\000d\000u\000l\000e\000\040\000a\000s\000\040\000M\000a\000t\000h\000e\000m\000a\000t\000i\000c\000a\000l\000\040\000L\000a\000w}{subsection.9.2}% 95
\BOOKMARK [3][-]{subsubsection.9.2.4}{\376\377\000W\000h\000y\000\040\000G\000e\000o\000m\000e\000t\000r\000y\000\040\000D\000o\000m\000i\000n\000a\000t\000e\000s}{subsection.9.2}% 96
\BOOKMARK [2][-]{subsection.9.3}{\376\377\000L\000i\000m\000i\000t\000a\000t\000i\000o\000n\000s\000\040\000a\000n\000d\000\040\000S\000c\000o\000p\000e}{section.9}% 97
\BOOKMARK [3][-]{subsubsection.9.3.1}{\376\377\000W\000h\000a\000t\000\040\000W\000e\000\040\000H\000a\000v\000e\000\040\000E\000s\000t\000a\000b\000l\000i\000s\000h\000e\000d}{subsection.9.3}% 98
\BOOKMARK [3][-]{subsubsection.9.3.2}{\376\377\000W\000h\000a\000t\000\040\000W\000e\000\040\000D\000o\000\040\000N\000o\000t\000\040\000C\000l\000a\000i\000m}{subsection.9.3}% 99
\BOOKMARK [3][-]{subsubsection.9.3.3}{\376\377\000M\000e\000t\000h\000o\000d\000o\000l\000o\000g\000i\000c\000a\000l\000\040\000L\000i\000m\000i\000t\000a\000t\000i\000o\000n\000s}{subsection.9.3}% 100
\BOOKMARK [2][-]{subsection.9.4}{\376\377\000F\000u\000t\000u\000r\000e\000\040\000R\000e\000s\000e\000a\000r\000c\000h\000\040\000D\000i\000r\000e\000c\000t\000i\000o\000n\000s}{section.9}% 101
\BOOKMARK [3][-]{subsubsection.9.4.1}{\376\377\000M\000e\000c\000h\000a\000n\000i\000z\000i\000n\000g\000\040\000t\000h\000e\000\040\000C\000o\000m\000p\000l\000e\000x\000i\000t\000y\000\040\000S\000c\000a\000l\000i\000n\000g\000\040\000T\000h\000e\000o\000r\000e\000m}{subsection.9.4}% 102
\BOOKMARK [3][-]{subsubsection.9.4.2}{\376\377\000T\000e\000s\000t\000i\000n\000g\000\040\000S\000c\000o\000p\000e\000\040\000a\000n\000d\000\040\000G\000e\000n\000e\000r\000a\000l\000i\000z\000a\000t\000i\000o\000n}{subsection.9.4}% 103
\BOOKMARK [3][-]{subsubsection.9.4.3}{\376\377\000H\000i\000g\000h\000e\000r\000-\000D\000i\000m\000e\000n\000s\000i\000o\000n\000a\000l\000\040\000C\000o\000h\000e\000r\000e\000n\000c\000e}{subsection.9.4}% 104
\BOOKMARK [3][-]{subsubsection.9.4.4}{\376\377\000C\000a\000t\000e\000g\000o\000r\000y\000-\000T\000h\000e\000o\000r\000e\000t\000i\000c\000\040\000F\000o\000u\000n\000d\000a\000t\000i\000o\000n\000s}{subsection.9.4}% 105
\BOOKMARK [3][-]{subsubsection.9.4.5}{\376\377\000M\000o\000d\000a\000l\000\040\000a\000n\000d\000\040\000S\000u\000b\000s\000t\000r\000u\000c\000t\000u\000r\000a\000l\000\040\000L\000o\000g\000i\000c\000s}{subsection.9.4}% 106
\BOOKMARK [3][-]{subsubsection.9.4.6}{\376\377\000R\000e\000l\000a\000t\000i\000n\000g\000\040\000t\000o\000\040\000K\000o\000l\000m\000o\000g\000o\000r\000o\000v\000\040\000C\000o\000m\000p\000l\000e\000x\000i\000t\000y}{subsection.9.4}% 107
\BOOKMARK [3][-]{subsubsection.9.4.7}{\376\377\000M\000a\000c\000h\000i\000n\000e\000\040\000L\000e\000a\000r\000n\000i\000n\000g\000\040\000a\000n\000d\000\040\000D\000i\000s\000c\000o\000v\000e\000r\000y}{subsection.9.4}% 108
\BOOKMARK [3][-]{subsubsection.9.4.8}{\376\377\000A\000p\000p\000l\000i\000c\000a\000t\000i\000o\000n\000s\000\040\000t\000o\000\040\000M\000a\000t\000h\000e\000m\000a\000t\000i\000c\000a\000l\000\040\000P\000r\000a\000c\000t\000i\000c\000e}{subsection.9.4}% 109
\BOOKMARK [3][-]{subsubsection.9.4.9}{\376\377\000E\000x\000t\000e\000n\000s\000i\000o\000n\000s\000\040\000o\000f\000\040\000t\000h\000e\000\040\000F\000r\000a\000m\000e\000w\000o\000r\000k}{subsection.9.4}% 110
\BOOKMARK [2][-]{subsection.9.5}{\376\377\000B\000r\000o\000a\000d\000e\000r\000\040\000I\000m\000p\000l\000i\000c\000a\000t\000i\000o\000n\000s}{section.9}% 111
\BOOKMARK [3][-]{subsubsection.9.5.1}{\376\377\000T\000h\000e\000\040\000N\000a\000t\000u\000r\000e\000\040\000o\000f\000\040\000M\000a\000t\000h\000e\000m\000a\000t\000i\000c\000a\000l\000\040\000T\000r\000u\000t\000h}{subsection.9.5}% 112
\BOOKMARK [3][-]{subsubsection.9.5.2}{\376\377\000F\000o\000u\000n\000d\000a\000t\000i\000o\000n\000s\000\040\000a\000s\000\040\000E\000v\000o\000l\000u\000t\000i\000o\000n\000a\000r\000y\000\040\000L\000a\000n\000d\000s\000c\000a\000p\000e\000s}{subsection.9.5}% 113
\BOOKMARK [3][-]{subsubsection.9.5.3}{\376\377\000T\000h\000e\000\040\000H\000i\000s\000t\000o\000r\000i\000c\000a\000l\000\040\000S\000h\000i\000f\000t\000\040\000t\000o\000\040\000I\000n\000t\000e\000n\000s\000i\000o\000n\000a\000l\000\040\000F\000o\000u\000n\000d\000a\000t\000i\000o\000n\000s}{subsection.9.5}% 114
\BOOKMARK [3][-]{subsubsection.9.5.4}{\376\377\000G\000e\000o\000m\000e\000t\000r\000y\000\040\000a\000s\000\040\000F\000u\000n\000d\000a\000m\000e\000n\000t\000a\000l}{subsection.9.5}% 115
\BOOKMARK [3][-]{subsubsection.9.5.5}{\376\377\000C\000o\000m\000p\000u\000t\000a\000t\000i\000o\000n\000a\000l\000\040\000M\000e\000t\000a\000p\000h\000y\000s\000i\000c\000s}{subsection.9.5}% 116
\BOOKMARK [3][-]{subsubsection.9.5.6}{\376\377\000T\000h\000e\000\040\000G\000o\000l\000d\000e\000n\000\040\000R\000a\000t\000i\000o\000\040\000a\000s\000\040\000F\000u\000n\000d\000a\000m\000e\000n\000t\000a\000l\000\040\000C\000o\000n\000s\000t\000a\000n\000t}{subsection.9.5}% 117
\BOOKMARK [2][-]{subsection.9.6}{\376\377\000C\000l\000o\000s\000i\000n\000g\000\040\000R\000e\000f\000l\000e\000c\000t\000i\000o\000n\000s}{section.9}% 118
\BOOKMARK [1][-]{appendix.A}{\376\377\000C\000o\000m\000p\000l\000e\000t\000e\000\040\000P\000r\000o\000o\000f\000\040\000o\000f\000\040\000t\000h\000e\000\040\000C\000o\000m\000p\000l\000e\000x\000i\000t\000y\000\040\000S\000c\000a\000l\000i\000n\000g\000\040\000T\000h\000e\000o\000r\000e\000m}{}% 119
\BOOKMARK [2][-]{subsection.A.1}{\376\377\000A\000l\000g\000e\000b\000r\000a\000i\000c\000\040\000F\000r\000a\000m\000e\000w\000o\000r\000k}{appendix.A}% 120
\BOOKMARK [3][-]{subsubsection.A.1.1}{\376\377\000D\000e\000f\000i\000n\000i\000t\000i\000o\000n\000s\000\040\000a\000n\000d\000\040\000C\000o\000n\000t\000e\000x\000t}{subsection.A.1}% 121
\BOOKMARK [3][-]{subsubsection.A.1.2}{\376\377\000C\000o\000n\000t\000e\000x\000t\000u\000a\000l\000i\000z\000e\000d\000\040\000C\000o\000h\000e\000r\000e\000n\000c\000e\000\040\000S\000c\000h\000e\000m\000a\000s}{subsection.A.1}% 122
\BOOKMARK [3][-]{subsubsection.A.1.3}{\376\377\000T\000h\000e\000\040\000G\000r\000a\000d\000e\000d\000\040\000M\000o\000n\000o\000i\000d\000\040\000S\000t\000r\000u\000c\000t\000u\000r\000e}{subsection.A.1}% 123
\BOOKMARK [3][-]{subsubsection.A.1.4}{\376\377\000F\000o\000r\000m\000a\000l\000i\000z\000i\000n\000g\000\040\000W\000i\000t\000n\000e\000s\000s\000\040\000F\000a\000c\000t\000o\000r\000i\000z\000a\000t\000i\000o\000n}{subsection.A.1}% 124
\BOOKMARK [2][-]{subsection.A.2}{\376\377\000D\000i\000m\000e\000n\000s\000i\000o\000n\000a\000l\000\040\000S\000a\000t\000u\000r\000a\000t\000i\000o\000n}{appendix.A}% 125
\BOOKMARK [2][-]{subsection.A.3}{\376\377\000T\000r\000a\000n\000s\000p\000o\000r\000t\000\040\000S\000t\000a\000b\000i\000l\000i\000t\000y}{appendix.A}% 126
\BOOKMARK [2][-]{subsection.A.4}{\376\377\000U\000n\000i\000f\000o\000r\000m\000i\000t\000y\000\040\000U\000p\000\040\000t\000o\000\040\000C\000o\000n\000s\000t\000a\000n\000t\000\040\000W\000i\000n\000d\000o\000w}{appendix.A}% 127
\BOOKMARK [2][-]{subsection.A.5}{\376\377\000W\000i\000t\000n\000e\000s\000s\000-\000S\000c\000h\000e\000m\000a\000\040\000B\000i\000j\000e\000c\000t\000i\000o\000n}{appendix.A}% 128
\BOOKMARK [2][-]{subsection.A.6}{\376\377\000I\000n\000t\000e\000r\000f\000a\000c\000e\000\040\000S\000a\000t\000u\000r\000a\000t\000i\000o\000n}{appendix.A}% 129
\BOOKMARK [2][-]{subsection.A.7}{\376\377\000D\000i\000s\000j\000o\000i\000n\000t\000n\000e\000s\000s}{appendix.A}% 130
\BOOKMARK [2][-]{subsection.A.8}{\376\377\000I\000n\000i\000t\000i\000a\000l\000\040\000C\000o\000n\000d\000i\000t\000i\000o\000n\000s}{appendix.A}% 131
\BOOKMARK [3][-]{subsubsection.A.8.1}{\376\377\000B\000o\000o\000t\000s\000t\000r\000a\000p\000\040\000I\000n\000t\000e\000r\000f\000a\000c\000e\000\040\000C\000o\000n\000v\000e\000n\000t\000i\000o\000n}{subsection.A.8}% 132
\BOOKMARK [3][-]{subsubsection.A.8.2}{\376\377\000I\000n\000i\000t\000i\000a\000l\000\040\000C\000o\000n\000d\000i\000t\000i\000o\000n\000\040\000L\000e\000m\000m\000a\000s}{subsection.A.8}% 133
\BOOKMARK [2][-]{subsection.A.9}{\376\377\000M\000a\000i\000n\000\040\000T\000h\000e\000o\000r\000e\000m\000:\000\040\000D\000e\000r\000i\000v\000i\000n\000g\000\040\000t\000h\000e\000\040\000R\000e\000c\000u\000r\000r\000e\000n\000c\000e}{appendix.A}% 134
\BOOKMARK [2][-]{subsection.A.10}{\376\377\000S\000u\000m\000m\000a\000r\000y\000\040\000o\000f\000\040\000t\000h\000e\000\040\000P\000r\000o\000o\000f}{appendix.A}% 135
